[2024-10-21 12:14:20] production.ERROR: Database file at path [/home/mike/Desktop/classifica-atp/database/database.sqlite] does not exist. Ensure this is an absolute path to the database. {"exception":"[object] (Illuminate\\Database\\SQLiteDatabaseDoesNotExistException(code: 0): Database file at path [/home/mike/Desktop/classifica-atp/database/database.sqlite] does not exist. Ensure this is an absolute path to the database. at /home/mike/Desktop/classifica-atp/vendor/laravel/framework/src/Illuminate/Database/Connectors/SQLiteConnector.php:34)
[stacktrace]
#0 /home/mike/Desktop/classifica-atp/vendor/laravel/framework/src/Illuminate/Database/Connectors/ConnectionFactory.php(224): Illuminate\\Database\\Connectors\\SQLiteConnector->connect()
#1 [internal function]: Illuminate\\Database\\Connectors\\ConnectionFactory->Illuminate\\Database\\Connectors\\{closure}()
#2 /home/mike/Desktop/classifica-atp/vendor/laravel/framework/src/Illuminate/Database/Connection.php(1231): call_user_func()
#3 /home/mike/Desktop/classifica-atp/vendor/laravel/framework/src/Illuminate/Database/Connection.php(1656): Illuminate\\Database\\Connection->getPdo()
#4 /home/mike/Desktop/classifica-atp/vendor/laravel/framework/src/Illuminate/Database/Console/ShowCommand.php(50): Illuminate\\Database\\Connection->getServerVersion()
#5 /home/mike/Desktop/classifica-atp/vendor/laravel/framework/src/Illuminate/Container/BoundMethod.php(36): Illuminate\\Database\\Console\\ShowCommand->handle()
#6 /home/mike/Desktop/classifica-atp/vendor/laravel/framework/src/Illuminate/Container/Util.php(43): Illuminate\\Container\\BoundMethod::Illuminate\\Container\\{closure}()
#7 /home/mike/Desktop/classifica-atp/vendor/laravel/framework/src/Illuminate/Container/BoundMethod.php(95): Illuminate\\Container\\Util::unwrapIfClosure()
#8 /home/mike/Desktop/classifica-atp/vendor/laravel/framework/src/Illuminate/Container/BoundMethod.php(35): Illuminate\\Container\\BoundMethod::callBoundMethod()
#9 /home/mike/Desktop/classifica-atp/vendor/laravel/framework/src/Illuminate/Container/Container.php(690): Illuminate\\Container\\BoundMethod::call()
#10 /home/mike/Desktop/classifica-atp/vendor/laravel/framework/src/Illuminate/Console/Command.php(213): Illuminate\\Container\\Container->call()
#11 /home/mike/Desktop/classifica-atp/vendor/symfony/console/Command/Command.php(279): Illuminate\\Console\\Command->execute()
#12 /home/mike/Desktop/classifica-atp/vendor/laravel/framework/src/Illuminate/Console/Command.php(182): Symfony\\Component\\Console\\Command\\Command->run()
#13 /home/mike/Desktop/classifica-atp/vendor/symfony/console/Application.php(1047): Illuminate\\Console\\Command->run()
#14 /home/mike/Desktop/classifica-atp/vendor/symfony/console/Application.php(316): Symfony\\Component\\Console\\Application->doRunCommand()
#15 /home/mike/Desktop/classifica-atp/vendor/symfony/console/Application.php(167): Symfony\\Component\\Console\\Application->doRun()
#16 /home/mike/Desktop/classifica-atp/vendor/laravel/framework/src/Illuminate/Foundation/Console/Kernel.php(197): Symfony\\Component\\Console\\Application->run()
#17 /home/mike/Desktop/classifica-atp/vendor/laravel/framework/src/Illuminate/Foundation/Application.php(1203): Illuminate\\Foundation\\Console\\Kernel->handle()
#18 /home/mike/Desktop/classifica-atp/artisan(13): Illuminate\\Foundation\\Application->handleCommand()
#19 {main}
"} 
[2024-10-22 12:06:32] laravel.EMERGENCY: Unable to create configured logger. Using emergency logger. {"exception":"[object] (InvalidArgumentException(code: 0): Log [] is not defined. at /home/mike/Desktop/classifica-atp/vendor/laravel/framework/src/Illuminate/Log/LogManager.php:231)
[stacktrace]
#0 /home/mike/Desktop/classifica-atp/vendor/laravel/framework/src/Illuminate/Log/LogManager.php(138): Illuminate\\Log\\LogManager->resolve()
#1 /home/mike/Desktop/classifica-atp/vendor/laravel/framework/src/Illuminate/Log/LogManager.php(125): Illuminate\\Log\\LogManager->get()
#2 /home/mike/Desktop/classifica-atp/vendor/laravel/framework/src/Illuminate/Log/LogManager.php(700): Illuminate\\Log\\LogManager->driver()
#3 /home/mike/Desktop/classifica-atp/vendor/laravel/framework/src/Illuminate/Foundation/Exceptions/Handler.php(378): Illuminate\\Log\\LogManager->error()
#4 /home/mike/Desktop/classifica-atp/vendor/laravel/framework/src/Illuminate/Foundation/Exceptions/Handler.php(341): Illuminate\\Foundation\\Exceptions\\Handler->reportThrowable()
#5 /home/mike/Desktop/classifica-atp/vendor/laravel/framework/src/Illuminate/Foundation/Console/Kernel.php(620): Illuminate\\Foundation\\Exceptions\\Handler->report()
#6 /home/mike/Desktop/classifica-atp/vendor/laravel/framework/src/Illuminate/Foundation/Console/Kernel.php(199): Illuminate\\Foundation\\Console\\Kernel->reportException()
#7 /home/mike/Desktop/classifica-atp/vendor/laravel/framework/src/Illuminate/Foundation/Application.php(1203): Illuminate\\Foundation\\Console\\Kernel->handle()
#8 /home/mike/Desktop/classifica-atp/artisan(13): Illuminate\\Foundation\\Application->handleCommand()
#9 {main}
"} 
[2024-10-22 12:06:32] laravel.ERROR: Failed opening required '../../include/connect.php' (include_path='.:') {"exception":"[object] (Error(code: 0): Failed opening required '../../include/connect.php' (include_path='.:') at /home/mike/Desktop/classifica-atp/config/database.php:4)
[stacktrace]
#0 /home/mike/Desktop/classifica-atp/vendor/laravel/framework/src/Illuminate/Foundation/Bootstrap/LoadConfiguration.php(96): require()
#1 /home/mike/Desktop/classifica-atp/vendor/laravel/framework/src/Illuminate/Foundation/Bootstrap/LoadConfiguration.php(96): Illuminate\\Foundation\\Bootstrap\\LoadConfiguration->Illuminate\\Foundation\\Bootstrap\\{closure}()
#2 /home/mike/Desktop/classifica-atp/vendor/laravel/framework/src/Illuminate/Foundation/Bootstrap/LoadConfiguration.php(77): Illuminate\\Foundation\\Bootstrap\\LoadConfiguration->loadConfigurationFile()
#3 /home/mike/Desktop/classifica-atp/vendor/laravel/framework/src/Illuminate/Foundation/Bootstrap/LoadConfiguration.php(38): Illuminate\\Foundation\\Bootstrap\\LoadConfiguration->loadConfigurationFiles()
#4 /home/mike/Desktop/classifica-atp/vendor/laravel/framework/src/Illuminate/Foundation/Application.php(316): Illuminate\\Foundation\\Bootstrap\\LoadConfiguration->bootstrap()
#5 /home/mike/Desktop/classifica-atp/vendor/laravel/framework/src/Illuminate/Foundation/Console/Kernel.php(473): Illuminate\\Foundation\\Application->bootstrapWith()
#6 /home/mike/Desktop/classifica-atp/vendor/laravel/framework/src/Illuminate/Foundation/Console/Kernel.php(195): Illuminate\\Foundation\\Console\\Kernel->bootstrap()
#7 /home/mike/Desktop/classifica-atp/vendor/laravel/framework/src/Illuminate/Foundation/Application.php(1203): Illuminate\\Foundation\\Console\\Kernel->handle()
#8 /home/mike/Desktop/classifica-atp/artisan(13): Illuminate\\Foundation\\Application->handleCommand()
#9 {main}
"} 
[2024-10-22 12:06:50] laravel.EMERGENCY: Unable to create configured logger. Using emergency logger. {"exception":"[object] (InvalidArgumentException(code: 0): Log [] is not defined. at /home/mike/Desktop/classifica-atp/vendor/laravel/framework/src/Illuminate/Log/LogManager.php:231)
[stacktrace]
#0 /home/mike/Desktop/classifica-atp/vendor/laravel/framework/src/Illuminate/Log/LogManager.php(138): Illuminate\\Log\\LogManager->resolve()
#1 /home/mike/Desktop/classifica-atp/vendor/laravel/framework/src/Illuminate/Log/LogManager.php(125): Illuminate\\Log\\LogManager->get()
#2 /home/mike/Desktop/classifica-atp/vendor/laravel/framework/src/Illuminate/Log/LogManager.php(700): Illuminate\\Log\\LogManager->driver()
#3 /home/mike/Desktop/classifica-atp/vendor/laravel/framework/src/Illuminate/Foundation/Exceptions/Handler.php(378): Illuminate\\Log\\LogManager->error()
#4 /home/mike/Desktop/classifica-atp/vendor/laravel/framework/src/Illuminate/Foundation/Exceptions/Handler.php(341): Illuminate\\Foundation\\Exceptions\\Handler->reportThrowable()
#5 /home/mike/Desktop/classifica-atp/vendor/laravel/framework/src/Illuminate/Foundation/Console/Kernel.php(620): Illuminate\\Foundation\\Exceptions\\Handler->report()
#6 /home/mike/Desktop/classifica-atp/vendor/laravel/framework/src/Illuminate/Foundation/Console/Kernel.php(199): Illuminate\\Foundation\\Console\\Kernel->reportException()
#7 /home/mike/Desktop/classifica-atp/vendor/laravel/framework/src/Illuminate/Foundation/Application.php(1203): Illuminate\\Foundation\\Console\\Kernel->handle()
#8 /home/mike/Desktop/classifica-atp/artisan(13): Illuminate\\Foundation\\Application->handleCommand()
#9 {main}
"} 
[2024-10-22 12:06:50] laravel.ERROR: Failed opening required '/../../include/connect.php' (include_path='.:') {"exception":"[object] (Error(code: 0): Failed opening required '/../../include/connect.php' (include_path='.:') at /home/mike/Desktop/classifica-atp/config/database.php:4)
[stacktrace]
#0 /home/mike/Desktop/classifica-atp/vendor/laravel/framework/src/Illuminate/Foundation/Bootstrap/LoadConfiguration.php(96): require()
#1 /home/mike/Desktop/classifica-atp/vendor/laravel/framework/src/Illuminate/Foundation/Bootstrap/LoadConfiguration.php(96): Illuminate\\Foundation\\Bootstrap\\LoadConfiguration->Illuminate\\Foundation\\Bootstrap\\{closure}()
#2 /home/mike/Desktop/classifica-atp/vendor/laravel/framework/src/Illuminate/Foundation/Bootstrap/LoadConfiguration.php(77): Illuminate\\Foundation\\Bootstrap\\LoadConfiguration->loadConfigurationFile()
#3 /home/mike/Desktop/classifica-atp/vendor/laravel/framework/src/Illuminate/Foundation/Bootstrap/LoadConfiguration.php(38): Illuminate\\Foundation\\Bootstrap\\LoadConfiguration->loadConfigurationFiles()
#4 /home/mike/Desktop/classifica-atp/vendor/laravel/framework/src/Illuminate/Foundation/Application.php(316): Illuminate\\Foundation\\Bootstrap\\LoadConfiguration->bootstrap()
#5 /home/mike/Desktop/classifica-atp/vendor/laravel/framework/src/Illuminate/Foundation/Console/Kernel.php(473): Illuminate\\Foundation\\Application->bootstrapWith()
#6 /home/mike/Desktop/classifica-atp/vendor/laravel/framework/src/Illuminate/Foundation/Console/Kernel.php(195): Illuminate\\Foundation\\Console\\Kernel->bootstrap()
#7 /home/mike/Desktop/classifica-atp/vendor/laravel/framework/src/Illuminate/Foundation/Application.php(1203): Illuminate\\Foundation\\Console\\Kernel->handle()
#8 /home/mike/Desktop/classifica-atp/artisan(13): Illuminate\\Foundation\\Application->handleCommand()
#9 {main}
"} 
[2024-10-22 12:08:49] testing.ERROR: No application encryption key has been specified. {"exception":"[object] (Illuminate\\Encryption\\MissingAppKeyException(code: 0): No application encryption key has been specified. at /home/mike/Desktop/classifica-atp/vendor/laravel/framework/src/Illuminate/Encryption/EncryptionServiceProvider.php:83)
[stacktrace]
#0 /home/mike/Desktop/classifica-atp/vendor/laravel/framework/src/Illuminate/Support/helpers.php(380): Illuminate\\Encryption\\EncryptionServiceProvider->Illuminate\\Encryption\\{closure}()
#1 /home/mike/Desktop/classifica-atp/vendor/laravel/framework/src/Illuminate/Encryption/EncryptionServiceProvider.php(81): tap()
#2 /home/mike/Desktop/classifica-atp/vendor/laravel/framework/src/Illuminate/Encryption/EncryptionServiceProvider.php(64): Illuminate\\Encryption\\EncryptionServiceProvider->key()
#3 /home/mike/Desktop/classifica-atp/vendor/laravel/framework/src/Illuminate/Encryption/EncryptionServiceProvider.php(32): Illuminate\\Encryption\\EncryptionServiceProvider->parseKey()
#4 /home/mike/Desktop/classifica-atp/vendor/laravel/framework/src/Illuminate/Container/Container.php(931): Illuminate\\Encryption\\EncryptionServiceProvider->Illuminate\\Encryption\\{closure}()
#5 /home/mike/Desktop/classifica-atp/vendor/laravel/framework/src/Illuminate/Container/Container.php(815): Illuminate\\Container\\Container->build()
#6 /home/mike/Desktop/classifica-atp/vendor/laravel/framework/src/Illuminate/Foundation/Application.php(1046): Illuminate\\Container\\Container->resolve()
#7 /home/mike/Desktop/classifica-atp/vendor/laravel/framework/src/Illuminate/Container/Container.php(751): Illuminate\\Foundation\\Application->resolve()
#8 /home/mike/Desktop/classifica-atp/vendor/laravel/framework/src/Illuminate/Foundation/Application.php(1028): Illuminate\\Container\\Container->make()
#9 /home/mike/Desktop/classifica-atp/vendor/laravel/framework/src/Illuminate/Container/Container.php(1112): Illuminate\\Foundation\\Application->make()
#10 /home/mike/Desktop/classifica-atp/vendor/laravel/framework/src/Illuminate/Container/Container.php(1022): Illuminate\\Container\\Container->resolveClass()
#11 /home/mike/Desktop/classifica-atp/vendor/laravel/framework/src/Illuminate/Container/Container.php(973): Illuminate\\Container\\Container->resolveDependencies()
#12 /home/mike/Desktop/classifica-atp/vendor/laravel/framework/src/Illuminate/Container/Container.php(815): Illuminate\\Container\\Container->build()
#13 /home/mike/Desktop/classifica-atp/vendor/laravel/framework/src/Illuminate/Foundation/Application.php(1046): Illuminate\\Container\\Container->resolve()
#14 /home/mike/Desktop/classifica-atp/vendor/laravel/framework/src/Illuminate/Container/Container.php(751): Illuminate\\Foundation\\Application->resolve()
#15 /home/mike/Desktop/classifica-atp/vendor/laravel/framework/src/Illuminate/Foundation/Application.php(1028): Illuminate\\Container\\Container->make()
#16 /home/mike/Desktop/classifica-atp/vendor/laravel/framework/src/Illuminate/Pipeline/Pipeline.php(172): Illuminate\\Foundation\\Application->make()
#17 /home/mike/Desktop/classifica-atp/vendor/laravel/framework/src/Illuminate/Pipeline/Pipeline.php(119): Illuminate\\Pipeline\\Pipeline->Illuminate\\Pipeline\\{closure}()
#18 /home/mike/Desktop/classifica-atp/vendor/laravel/framework/src/Illuminate/Routing/Router.php(807): Illuminate\\Pipeline\\Pipeline->then()
#19 /home/mike/Desktop/classifica-atp/vendor/laravel/framework/src/Illuminate/Routing/Router.php(786): Illuminate\\Routing\\Router->runRouteWithinStack()
#20 /home/mike/Desktop/classifica-atp/vendor/laravel/framework/src/Illuminate/Routing/Router.php(750): Illuminate\\Routing\\Router->runRoute()
#21 /home/mike/Desktop/classifica-atp/vendor/laravel/framework/src/Illuminate/Routing/Router.php(739): Illuminate\\Routing\\Router->dispatchToRoute()
#22 /home/mike/Desktop/classifica-atp/vendor/laravel/framework/src/Illuminate/Foundation/Http/Kernel.php(201): Illuminate\\Routing\\Router->dispatch()
#23 /home/mike/Desktop/classifica-atp/vendor/laravel/framework/src/Illuminate/Pipeline/Pipeline.php(144): Illuminate\\Foundation\\Http\\Kernel->Illuminate\\Foundation\\Http\\{closure}()
#24 /home/mike/Desktop/classifica-atp/vendor/laravel/framework/src/Illuminate/Foundation/Http/Middleware/TransformsRequest.php(21): Illuminate\\Pipeline\\Pipeline->Illuminate\\Pipeline\\{closure}()
#25 /home/mike/Desktop/classifica-atp/vendor/laravel/framework/src/Illuminate/Foundation/Http/Middleware/ConvertEmptyStringsToNull.php(31): Illuminate\\Foundation\\Http\\Middleware\\TransformsRequest->handle()
#26 /home/mike/Desktop/classifica-atp/vendor/laravel/framework/src/Illuminate/Pipeline/Pipeline.php(183): Illuminate\\Foundation\\Http\\Middleware\\ConvertEmptyStringsToNull->handle()
#27 /home/mike/Desktop/classifica-atp/vendor/laravel/framework/src/Illuminate/Foundation/Http/Middleware/TransformsRequest.php(21): Illuminate\\Pipeline\\Pipeline->Illuminate\\Pipeline\\{closure}()
#28 /home/mike/Desktop/classifica-atp/vendor/laravel/framework/src/Illuminate/Foundation/Http/Middleware/TrimStrings.php(51): Illuminate\\Foundation\\Http\\Middleware\\TransformsRequest->handle()
#29 /home/mike/Desktop/classifica-atp/vendor/laravel/framework/src/Illuminate/Pipeline/Pipeline.php(183): Illuminate\\Foundation\\Http\\Middleware\\TrimStrings->handle()
#30 /home/mike/Desktop/classifica-atp/vendor/laravel/framework/src/Illuminate/Http/Middleware/ValidatePostSize.php(27): Illuminate\\Pipeline\\Pipeline->Illuminate\\Pipeline\\{closure}()
#31 /home/mike/Desktop/classifica-atp/vendor/laravel/framework/src/Illuminate/Pipeline/Pipeline.php(183): Illuminate\\Http\\Middleware\\ValidatePostSize->handle()
#32 /home/mike/Desktop/classifica-atp/vendor/laravel/framework/src/Illuminate/Foundation/Http/Middleware/PreventRequestsDuringMaintenance.php(110): Illuminate\\Pipeline\\Pipeline->Illuminate\\Pipeline\\{closure}()
#33 /home/mike/Desktop/classifica-atp/vendor/laravel/framework/src/Illuminate/Pipeline/Pipeline.php(183): Illuminate\\Foundation\\Http\\Middleware\\PreventRequestsDuringMaintenance->handle()
#34 /home/mike/Desktop/classifica-atp/vendor/laravel/framework/src/Illuminate/Http/Middleware/HandleCors.php(49): Illuminate\\Pipeline\\Pipeline->Illuminate\\Pipeline\\{closure}()
#35 /home/mike/Desktop/classifica-atp/vendor/laravel/framework/src/Illuminate/Pipeline/Pipeline.php(183): Illuminate\\Http\\Middleware\\HandleCors->handle()
#36 /home/mike/Desktop/classifica-atp/vendor/laravel/framework/src/Illuminate/Http/Middleware/TrustProxies.php(58): Illuminate\\Pipeline\\Pipeline->Illuminate\\Pipeline\\{closure}()
#37 /home/mike/Desktop/classifica-atp/vendor/laravel/framework/src/Illuminate/Pipeline/Pipeline.php(183): Illuminate\\Http\\Middleware\\TrustProxies->handle()
#38 /home/mike/Desktop/classifica-atp/vendor/laravel/framework/src/Illuminate/Foundation/Http/Middleware/InvokeDeferredCallbacks.php(22): Illuminate\\Pipeline\\Pipeline->Illuminate\\Pipeline\\{closure}()
#39 /home/mike/Desktop/classifica-atp/vendor/laravel/framework/src/Illuminate/Pipeline/Pipeline.php(183): Illuminate\\Foundation\\Http\\Middleware\\InvokeDeferredCallbacks->handle()
#40 /home/mike/Desktop/classifica-atp/vendor/laravel/framework/src/Illuminate/Pipeline/Pipeline.php(119): Illuminate\\Pipeline\\Pipeline->Illuminate\\Pipeline\\{closure}()
#41 /home/mike/Desktop/classifica-atp/vendor/laravel/framework/src/Illuminate/Foundation/Http/Kernel.php(176): Illuminate\\Pipeline\\Pipeline->then()
#42 /home/mike/Desktop/classifica-atp/vendor/laravel/framework/src/Illuminate/Foundation/Http/Kernel.php(145): Illuminate\\Foundation\\Http\\Kernel->sendRequestThroughRouter()
#43 /home/mike/Desktop/classifica-atp/vendor/laravel/framework/src/Illuminate/Foundation/Testing/Concerns/MakesHttpRequests.php(604): Illuminate\\Foundation\\Http\\Kernel->handle()
#44 /home/mike/Desktop/classifica-atp/vendor/laravel/framework/src/Illuminate/Foundation/Testing/Concerns/MakesHttpRequests.php(365): Illuminate\\Foundation\\Testing\\TestCase->call()
#45 /home/mike/Desktop/classifica-atp/tests/Feature/ExampleTest.php(15): Illuminate\\Foundation\\Testing\\TestCase->get()
#46 /home/mike/Desktop/classifica-atp/vendor/phpunit/phpunit/src/Framework/TestCase.php(1234): Tests\\Feature\\ExampleTest->test_the_application_returns_a_successful_response()
#47 /home/mike/Desktop/classifica-atp/vendor/phpunit/phpunit/src/Framework/TestCase.php(515): PHPUnit\\Framework\\TestCase->runTest()
#48 /home/mike/Desktop/classifica-atp/vendor/phpunit/phpunit/src/Framework/TestRunner/TestRunner.php(86): PHPUnit\\Framework\\TestCase->runBare()
#49 /home/mike/Desktop/classifica-atp/vendor/phpunit/phpunit/src/Framework/TestCase.php(362): PHPUnit\\Framework\\TestRunner->run()
#50 /home/mike/Desktop/classifica-atp/vendor/phpunit/phpunit/src/Framework/TestSuite.php(369): PHPUnit\\Framework\\TestCase->run()
#51 /home/mike/Desktop/classifica-atp/vendor/phpunit/phpunit/src/Framework/TestSuite.php(369): PHPUnit\\Framework\\TestSuite->run()
#52 /home/mike/Desktop/classifica-atp/vendor/phpunit/phpunit/src/Framework/TestSuite.php(369): PHPUnit\\Framework\\TestSuite->run()
#53 /home/mike/Desktop/classifica-atp/vendor/phpunit/phpunit/src/TextUI/TestRunner.php(64): PHPUnit\\Framework\\TestSuite->run()
#54 /home/mike/Desktop/classifica-atp/vendor/phpunit/phpunit/src/TextUI/Application.php(209): PHPUnit\\TextUI\\TestRunner->run()
#55 /home/mike/Desktop/classifica-atp/vendor/phpunit/phpunit/phpunit(104): PHPUnit\\TextUI\\Application->run()
#56 {main}
"} 
[2024-10-23 10:56:53] laravel.EMERGENCY: Unable to create configured logger. Using emergency logger. {"exception":"[object] (InvalidArgumentException(code: 0): Log [] is not defined. at /home/mike/Desktop/classifica-atp/vendor/laravel/framework/src/Illuminate/Log/LogManager.php:231)
[stacktrace]
#0 /home/mike/Desktop/classifica-atp/vendor/laravel/framework/src/Illuminate/Log/LogManager.php(138): Illuminate\\Log\\LogManager->resolve()
#1 /home/mike/Desktop/classifica-atp/vendor/laravel/framework/src/Illuminate/Log/LogManager.php(125): Illuminate\\Log\\LogManager->get()
#2 /home/mike/Desktop/classifica-atp/vendor/laravel/framework/src/Illuminate/Log/LogManager.php(700): Illuminate\\Log\\LogManager->driver()
#3 /home/mike/Desktop/classifica-atp/vendor/laravel/framework/src/Illuminate/Foundation/Exceptions/Handler.php(378): Illuminate\\Log\\LogManager->error()
#4 /home/mike/Desktop/classifica-atp/vendor/laravel/framework/src/Illuminate/Foundation/Exceptions/Handler.php(341): Illuminate\\Foundation\\Exceptions\\Handler->reportThrowable()
#5 /home/mike/Desktop/classifica-atp/vendor/laravel/framework/src/Illuminate/Foundation/Http/Kernel.php(563): Illuminate\\Foundation\\Exceptions\\Handler->report()
#6 /home/mike/Desktop/classifica-atp/vendor/laravel/framework/src/Illuminate/Foundation/Http/Kernel.php(147): Illuminate\\Foundation\\Http\\Kernel->reportException()
#7 /home/mike/Desktop/classifica-atp/vendor/laravel/framework/src/Illuminate/Foundation/Application.php(1188): Illuminate\\Foundation\\Http\\Kernel->handle()
#8 /home/mike/Desktop/classifica-atp/public/index.php(17): Illuminate\\Foundation\\Application->handleRequest()
#9 /home/mike/Desktop/classifica-atp/vendor/laravel/framework/src/Illuminate/Foundation/resources/server.php(23): require_once('...')
#10 {main}
"} 
[2024-10-23 10:56:53] laravel.ERROR: Failed opening required '../include/connect.php' (include_path='.:') {"exception":"[object] (Error(code: 0): Failed opening required '../include/connect.php' (include_path='.:') at /home/mike/Desktop/classifica-atp/config/database.php:4)
[stacktrace]
#0 /home/mike/Desktop/classifica-atp/vendor/laravel/framework/src/Illuminate/Foundation/Bootstrap/LoadConfiguration.php(96): require()
#1 /home/mike/Desktop/classifica-atp/vendor/laravel/framework/src/Illuminate/Foundation/Bootstrap/LoadConfiguration.php(96): Illuminate\\Foundation\\Bootstrap\\LoadConfiguration->Illuminate\\Foundation\\Bootstrap\\{closure}()
#2 /home/mike/Desktop/classifica-atp/vendor/laravel/framework/src/Illuminate/Foundation/Bootstrap/LoadConfiguration.php(77): Illuminate\\Foundation\\Bootstrap\\LoadConfiguration->loadConfigurationFile()
#3 /home/mike/Desktop/classifica-atp/vendor/laravel/framework/src/Illuminate/Foundation/Bootstrap/LoadConfiguration.php(38): Illuminate\\Foundation\\Bootstrap\\LoadConfiguration->loadConfigurationFiles()
#4 /home/mike/Desktop/classifica-atp/vendor/laravel/framework/src/Illuminate/Foundation/Application.php(316): Illuminate\\Foundation\\Bootstrap\\LoadConfiguration->bootstrap()
#5 /home/mike/Desktop/classifica-atp/vendor/laravel/framework/src/Illuminate/Foundation/Http/Kernel.php(187): Illuminate\\Foundation\\Application->bootstrapWith()
#6 /home/mike/Desktop/classifica-atp/vendor/laravel/framework/src/Illuminate/Foundation/Http/Kernel.php(171): Illuminate\\Foundation\\Http\\Kernel->bootstrap()
#7 /home/mike/Desktop/classifica-atp/vendor/laravel/framework/src/Illuminate/Foundation/Http/Kernel.php(145): Illuminate\\Foundation\\Http\\Kernel->sendRequestThroughRouter()
#8 /home/mike/Desktop/classifica-atp/vendor/laravel/framework/src/Illuminate/Foundation/Application.php(1188): Illuminate\\Foundation\\Http\\Kernel->handle()
#9 /home/mike/Desktop/classifica-atp/public/index.php(17): Illuminate\\Foundation\\Application->handleRequest()
#10 /home/mike/Desktop/classifica-atp/vendor/laravel/framework/src/Illuminate/Foundation/resources/server.php(23): require_once('...')
#11 {main}
"} 
[2024-10-23 10:57:06] laravel.EMERGENCY: Unable to create configured logger. Using emergency logger. {"exception":"[object] (InvalidArgumentException(code: 0): Log [] is not defined. at /home/mike/Desktop/classifica-atp/vendor/laravel/framework/src/Illuminate/Log/LogManager.php:231)
[stacktrace]
#0 /home/mike/Desktop/classifica-atp/vendor/laravel/framework/src/Illuminate/Log/LogManager.php(138): Illuminate\\Log\\LogManager->resolve()
#1 /home/mike/Desktop/classifica-atp/vendor/laravel/framework/src/Illuminate/Log/LogManager.php(125): Illuminate\\Log\\LogManager->get()
#2 /home/mike/Desktop/classifica-atp/vendor/laravel/framework/src/Illuminate/Log/LogManager.php(700): Illuminate\\Log\\LogManager->driver()
#3 /home/mike/Desktop/classifica-atp/vendor/laravel/framework/src/Illuminate/Foundation/Exceptions/Handler.php(378): Illuminate\\Log\\LogManager->error()
#4 /home/mike/Desktop/classifica-atp/vendor/laravel/framework/src/Illuminate/Foundation/Exceptions/Handler.php(341): Illuminate\\Foundation\\Exceptions\\Handler->reportThrowable()
#5 /home/mike/Desktop/classifica-atp/vendor/laravel/framework/src/Illuminate/Foundation/Http/Kernel.php(563): Illuminate\\Foundation\\Exceptions\\Handler->report()
#6 /home/mike/Desktop/classifica-atp/vendor/laravel/framework/src/Illuminate/Foundation/Http/Kernel.php(147): Illuminate\\Foundation\\Http\\Kernel->reportException()
#7 /home/mike/Desktop/classifica-atp/vendor/laravel/framework/src/Illuminate/Foundation/Application.php(1188): Illuminate\\Foundation\\Http\\Kernel->handle()
#8 /home/mike/Desktop/classifica-atp/public/index.php(17): Illuminate\\Foundation\\Application->handleRequest()
#9 /home/mike/Desktop/classifica-atp/vendor/laravel/framework/src/Illuminate/Foundation/resources/server.php(23): require_once('...')
#10 {main}
"} 
[2024-10-23 10:57:06] laravel.ERROR: Failed opening required '../include/connect.php' (include_path='.:') {"exception":"[object] (Error(code: 0): Failed opening required '../include/connect.php' (include_path='.:') at /home/mike/Desktop/classifica-atp/config/database.php:4)
[stacktrace]
#0 /home/mike/Desktop/classifica-atp/vendor/laravel/framework/src/Illuminate/Foundation/Bootstrap/LoadConfiguration.php(96): require()
#1 /home/mike/Desktop/classifica-atp/vendor/laravel/framework/src/Illuminate/Foundation/Bootstrap/LoadConfiguration.php(96): Illuminate\\Foundation\\Bootstrap\\LoadConfiguration->Illuminate\\Foundation\\Bootstrap\\{closure}()
#2 /home/mike/Desktop/classifica-atp/vendor/laravel/framework/src/Illuminate/Foundation/Bootstrap/LoadConfiguration.php(77): Illuminate\\Foundation\\Bootstrap\\LoadConfiguration->loadConfigurationFile()
#3 /home/mike/Desktop/classifica-atp/vendor/laravel/framework/src/Illuminate/Foundation/Bootstrap/LoadConfiguration.php(38): Illuminate\\Foundation\\Bootstrap\\LoadConfiguration->loadConfigurationFiles()
#4 /home/mike/Desktop/classifica-atp/vendor/laravel/framework/src/Illuminate/Foundation/Application.php(316): Illuminate\\Foundation\\Bootstrap\\LoadConfiguration->bootstrap()
#5 /home/mike/Desktop/classifica-atp/vendor/laravel/framework/src/Illuminate/Foundation/Http/Kernel.php(187): Illuminate\\Foundation\\Application->bootstrapWith()
#6 /home/mike/Desktop/classifica-atp/vendor/laravel/framework/src/Illuminate/Foundation/Http/Kernel.php(171): Illuminate\\Foundation\\Http\\Kernel->bootstrap()
#7 /home/mike/Desktop/classifica-atp/vendor/laravel/framework/src/Illuminate/Foundation/Http/Kernel.php(145): Illuminate\\Foundation\\Http\\Kernel->sendRequestThroughRouter()
#8 /home/mike/Desktop/classifica-atp/vendor/laravel/framework/src/Illuminate/Foundation/Application.php(1188): Illuminate\\Foundation\\Http\\Kernel->handle()
#9 /home/mike/Desktop/classifica-atp/public/index.php(17): Illuminate\\Foundation\\Application->handleRequest()
#10 /home/mike/Desktop/classifica-atp/vendor/laravel/framework/src/Illuminate/Foundation/resources/server.php(23): require_once('...')
#11 {main}
"} 
[2024-10-23 10:57:21] laravel.EMERGENCY: Unable to create configured logger. Using emergency logger. {"exception":"[object] (InvalidArgumentException(code: 0): Log [] is not defined. at /home/mike/Desktop/classifica-atp/vendor/laravel/framework/src/Illuminate/Log/LogManager.php:231)
[stacktrace]
#0 /home/mike/Desktop/classifica-atp/vendor/laravel/framework/src/Illuminate/Log/LogManager.php(138): Illuminate\\Log\\LogManager->resolve()
#1 /home/mike/Desktop/classifica-atp/vendor/laravel/framework/src/Illuminate/Log/LogManager.php(125): Illuminate\\Log\\LogManager->get()
#2 /home/mike/Desktop/classifica-atp/vendor/laravel/framework/src/Illuminate/Log/LogManager.php(700): Illuminate\\Log\\LogManager->driver()
#3 /home/mike/Desktop/classifica-atp/vendor/laravel/framework/src/Illuminate/Foundation/Exceptions/Handler.php(378): Illuminate\\Log\\LogManager->error()
#4 /home/mike/Desktop/classifica-atp/vendor/laravel/framework/src/Illuminate/Foundation/Exceptions/Handler.php(341): Illuminate\\Foundation\\Exceptions\\Handler->reportThrowable()
#5 /home/mike/Desktop/classifica-atp/vendor/laravel/framework/src/Illuminate/Foundation/Http/Kernel.php(563): Illuminate\\Foundation\\Exceptions\\Handler->report()
#6 /home/mike/Desktop/classifica-atp/vendor/laravel/framework/src/Illuminate/Foundation/Http/Kernel.php(147): Illuminate\\Foundation\\Http\\Kernel->reportException()
#7 /home/mike/Desktop/classifica-atp/vendor/laravel/framework/src/Illuminate/Foundation/Application.php(1188): Illuminate\\Foundation\\Http\\Kernel->handle()
#8 /home/mike/Desktop/classifica-atp/public/index.php(17): Illuminate\\Foundation\\Application->handleRequest()
#9 /home/mike/Desktop/classifica-atp/vendor/laravel/framework/src/Illuminate/Foundation/resources/server.php(23): require_once('...')
#10 {main}
"} 
[2024-10-23 10:57:21] laravel.ERROR: Failed opening required '../include/connect.php' (include_path='.:') {"exception":"[object] (Error(code: 0): Failed opening required '../include/connect.php' (include_path='.:') at /home/mike/Desktop/classifica-atp/config/database.php:4)
[stacktrace]
#0 /home/mike/Desktop/classifica-atp/vendor/laravel/framework/src/Illuminate/Foundation/Bootstrap/LoadConfiguration.php(96): require()
#1 /home/mike/Desktop/classifica-atp/vendor/laravel/framework/src/Illuminate/Foundation/Bootstrap/LoadConfiguration.php(96): Illuminate\\Foundation\\Bootstrap\\LoadConfiguration->Illuminate\\Foundation\\Bootstrap\\{closure}()
#2 /home/mike/Desktop/classifica-atp/vendor/laravel/framework/src/Illuminate/Foundation/Bootstrap/LoadConfiguration.php(77): Illuminate\\Foundation\\Bootstrap\\LoadConfiguration->loadConfigurationFile()
#3 /home/mike/Desktop/classifica-atp/vendor/laravel/framework/src/Illuminate/Foundation/Bootstrap/LoadConfiguration.php(38): Illuminate\\Foundation\\Bootstrap\\LoadConfiguration->loadConfigurationFiles()
#4 /home/mike/Desktop/classifica-atp/vendor/laravel/framework/src/Illuminate/Foundation/Application.php(316): Illuminate\\Foundation\\Bootstrap\\LoadConfiguration->bootstrap()
#5 /home/mike/Desktop/classifica-atp/vendor/laravel/framework/src/Illuminate/Foundation/Http/Kernel.php(187): Illuminate\\Foundation\\Application->bootstrapWith()
#6 /home/mike/Desktop/classifica-atp/vendor/laravel/framework/src/Illuminate/Foundation/Http/Kernel.php(171): Illuminate\\Foundation\\Http\\Kernel->bootstrap()
#7 /home/mike/Desktop/classifica-atp/vendor/laravel/framework/src/Illuminate/Foundation/Http/Kernel.php(145): Illuminate\\Foundation\\Http\\Kernel->sendRequestThroughRouter()
#8 /home/mike/Desktop/classifica-atp/vendor/laravel/framework/src/Illuminate/Foundation/Application.php(1188): Illuminate\\Foundation\\Http\\Kernel->handle()
#9 /home/mike/Desktop/classifica-atp/public/index.php(17): Illuminate\\Foundation\\Application->handleRequest()
#10 /home/mike/Desktop/classifica-atp/vendor/laravel/framework/src/Illuminate/Foundation/resources/server.php(23): require_once('...')
#11 {main}
"} 
[2024-10-23 11:00:18] laravel.EMERGENCY: Unable to create configured logger. Using emergency logger. {"exception":"[object] (InvalidArgumentException(code: 0): Log [] is not defined. at /home/mike/Desktop/classifica-atp/vendor/laravel/framework/src/Illuminate/Log/LogManager.php:231)
[stacktrace]
#0 /home/mike/Desktop/classifica-atp/vendor/laravel/framework/src/Illuminate/Log/LogManager.php(138): Illuminate\\Log\\LogManager->resolve()
#1 /home/mike/Desktop/classifica-atp/vendor/laravel/framework/src/Illuminate/Log/LogManager.php(125): Illuminate\\Log\\LogManager->get()
#2 /home/mike/Desktop/classifica-atp/vendor/laravel/framework/src/Illuminate/Log/LogManager.php(700): Illuminate\\Log\\LogManager->driver()
#3 /home/mike/Desktop/classifica-atp/vendor/laravel/framework/src/Illuminate/Foundation/Exceptions/Handler.php(378): Illuminate\\Log\\LogManager->error()
#4 /home/mike/Desktop/classifica-atp/vendor/laravel/framework/src/Illuminate/Foundation/Exceptions/Handler.php(341): Illuminate\\Foundation\\Exceptions\\Handler->reportThrowable()
#5 /home/mike/Desktop/classifica-atp/vendor/laravel/framework/src/Illuminate/Foundation/Console/Kernel.php(620): Illuminate\\Foundation\\Exceptions\\Handler->report()
#6 /home/mike/Desktop/classifica-atp/vendor/laravel/framework/src/Illuminate/Foundation/Console/Kernel.php(199): Illuminate\\Foundation\\Console\\Kernel->reportException()
#7 /home/mike/Desktop/classifica-atp/vendor/laravel/framework/src/Illuminate/Foundation/Application.php(1203): Illuminate\\Foundation\\Console\\Kernel->handle()
#8 /home/mike/Desktop/classifica-atp/artisan(13): Illuminate\\Foundation\\Application->handleCommand()
#9 {main}
"} 
[2024-10-23 11:00:18] laravel.ERROR: Failed opening required '/home/mike/Desktop/classifica-atp/config../include/connect.php' (include_path='.:') {"exception":"[object] (Error(code: 0): Failed opening required '/home/mike/Desktop/classifica-atp/config../include/connect.php' (include_path='.:') at /home/mike/Desktop/classifica-atp/config/database.php:4)
[stacktrace]
#0 /home/mike/Desktop/classifica-atp/vendor/laravel/framework/src/Illuminate/Foundation/Bootstrap/LoadConfiguration.php(96): require()
#1 /home/mike/Desktop/classifica-atp/vendor/laravel/framework/src/Illuminate/Foundation/Bootstrap/LoadConfiguration.php(96): Illuminate\\Foundation\\Bootstrap\\LoadConfiguration->Illuminate\\Foundation\\Bootstrap\\{closure}()
#2 /home/mike/Desktop/classifica-atp/vendor/laravel/framework/src/Illuminate/Foundation/Bootstrap/LoadConfiguration.php(77): Illuminate\\Foundation\\Bootstrap\\LoadConfiguration->loadConfigurationFile()
#3 /home/mike/Desktop/classifica-atp/vendor/laravel/framework/src/Illuminate/Foundation/Bootstrap/LoadConfiguration.php(38): Illuminate\\Foundation\\Bootstrap\\LoadConfiguration->loadConfigurationFiles()
#4 /home/mike/Desktop/classifica-atp/vendor/laravel/framework/src/Illuminate/Foundation/Application.php(316): Illuminate\\Foundation\\Bootstrap\\LoadConfiguration->bootstrap()
#5 /home/mike/Desktop/classifica-atp/vendor/laravel/framework/src/Illuminate/Foundation/Console/Kernel.php(473): Illuminate\\Foundation\\Application->bootstrapWith()
#6 /home/mike/Desktop/classifica-atp/vendor/laravel/framework/src/Illuminate/Foundation/Console/Kernel.php(195): Illuminate\\Foundation\\Console\\Kernel->bootstrap()
#7 /home/mike/Desktop/classifica-atp/vendor/laravel/framework/src/Illuminate/Foundation/Application.php(1203): Illuminate\\Foundation\\Console\\Kernel->handle()
#8 /home/mike/Desktop/classifica-atp/artisan(13): Illuminate\\Foundation\\Application->handleCommand()
#9 {main}
"} 
[2024-10-23 11:00:58] laravel.EMERGENCY: Unable to create configured logger. Using emergency logger. {"exception":"[object] (InvalidArgumentException(code: 0): Log [] is not defined. at /home/mike/Desktop/classifica-atp/vendor/laravel/framework/src/Illuminate/Log/LogManager.php:231)
[stacktrace]
#0 /home/mike/Desktop/classifica-atp/vendor/laravel/framework/src/Illuminate/Log/LogManager.php(138): Illuminate\\Log\\LogManager->resolve()
#1 /home/mike/Desktop/classifica-atp/vendor/laravel/framework/src/Illuminate/Log/LogManager.php(125): Illuminate\\Log\\LogManager->get()
#2 /home/mike/Desktop/classifica-atp/vendor/laravel/framework/src/Illuminate/Log/LogManager.php(700): Illuminate\\Log\\LogManager->driver()
#3 /home/mike/Desktop/classifica-atp/vendor/laravel/framework/src/Illuminate/Foundation/Exceptions/Handler.php(378): Illuminate\\Log\\LogManager->error()
#4 /home/mike/Desktop/classifica-atp/vendor/laravel/framework/src/Illuminate/Foundation/Exceptions/Handler.php(341): Illuminate\\Foundation\\Exceptions\\Handler->reportThrowable()
#5 /home/mike/Desktop/classifica-atp/vendor/laravel/framework/src/Illuminate/Foundation/Console/Kernel.php(620): Illuminate\\Foundation\\Exceptions\\Handler->report()
#6 /home/mike/Desktop/classifica-atp/vendor/laravel/framework/src/Illuminate/Foundation/Console/Kernel.php(199): Illuminate\\Foundation\\Console\\Kernel->reportException()
#7 /home/mike/Desktop/classifica-atp/vendor/laravel/framework/src/Illuminate/Foundation/Application.php(1203): Illuminate\\Foundation\\Console\\Kernel->handle()
#8 /home/mike/Desktop/classifica-atp/artisan(13): Illuminate\\Foundation\\Application->handleCommand()
#9 {main}
"} 
[2024-10-23 11:00:58] laravel.ERROR: Failed opening required '/home/mike/Desktop/classifica-atp/config../include/connect.php' (include_path='.:') {"exception":"[object] (Error(code: 0): Failed opening required '/home/mike/Desktop/classifica-atp/config../include/connect.php' (include_path='.:') at /home/mike/Desktop/classifica-atp/config/database.php:4)
[stacktrace]
#0 /home/mike/Desktop/classifica-atp/vendor/laravel/framework/src/Illuminate/Foundation/Bootstrap/LoadConfiguration.php(96): require()
#1 /home/mike/Desktop/classifica-atp/vendor/laravel/framework/src/Illuminate/Foundation/Bootstrap/LoadConfiguration.php(96): Illuminate\\Foundation\\Bootstrap\\LoadConfiguration->Illuminate\\Foundation\\Bootstrap\\{closure}()
#2 /home/mike/Desktop/classifica-atp/vendor/laravel/framework/src/Illuminate/Foundation/Bootstrap/LoadConfiguration.php(77): Illuminate\\Foundation\\Bootstrap\\LoadConfiguration->loadConfigurationFile()
#3 /home/mike/Desktop/classifica-atp/vendor/laravel/framework/src/Illuminate/Foundation/Bootstrap/LoadConfiguration.php(38): Illuminate\\Foundation\\Bootstrap\\LoadConfiguration->loadConfigurationFiles()
#4 /home/mike/Desktop/classifica-atp/vendor/laravel/framework/src/Illuminate/Foundation/Application.php(316): Illuminate\\Foundation\\Bootstrap\\LoadConfiguration->bootstrap()
#5 /home/mike/Desktop/classifica-atp/vendor/laravel/framework/src/Illuminate/Foundation/Console/Kernel.php(473): Illuminate\\Foundation\\Application->bootstrapWith()
#6 /home/mike/Desktop/classifica-atp/vendor/laravel/framework/src/Illuminate/Foundation/Console/Kernel.php(195): Illuminate\\Foundation\\Console\\Kernel->bootstrap()
#7 /home/mike/Desktop/classifica-atp/vendor/laravel/framework/src/Illuminate/Foundation/Application.php(1203): Illuminate\\Foundation\\Console\\Kernel->handle()
#8 /home/mike/Desktop/classifica-atp/artisan(13): Illuminate\\Foundation\\Application->handleCommand()
#9 {main}
"} 
[2024-10-23 11:01:47] production.ERROR: No application encryption key has been specified. {"exception":"[object] (Illuminate\\Encryption\\MissingAppKeyException(code: 0): No application encryption key has been specified. at /home/mike/Desktop/classifica-atp/vendor/laravel/framework/src/Illuminate/Encryption/EncryptionServiceProvider.php:83)
[stacktrace]
#0 /home/mike/Desktop/classifica-atp/vendor/laravel/framework/src/Illuminate/Support/helpers.php(380): Illuminate\\Encryption\\EncryptionServiceProvider->Illuminate\\Encryption\\{closure}()
#1 /home/mike/Desktop/classifica-atp/vendor/laravel/framework/src/Illuminate/Encryption/EncryptionServiceProvider.php(81): tap()
#2 /home/mike/Desktop/classifica-atp/vendor/laravel/framework/src/Illuminate/Encryption/EncryptionServiceProvider.php(64): Illuminate\\Encryption\\EncryptionServiceProvider->key()
#3 /home/mike/Desktop/classifica-atp/vendor/laravel/framework/src/Illuminate/Encryption/EncryptionServiceProvider.php(32): Illuminate\\Encryption\\EncryptionServiceProvider->parseKey()
#4 /home/mike/Desktop/classifica-atp/vendor/laravel/framework/src/Illuminate/Container/Container.php(931): Illuminate\\Encryption\\EncryptionServiceProvider->Illuminate\\Encryption\\{closure}()
#5 /home/mike/Desktop/classifica-atp/vendor/laravel/framework/src/Illuminate/Container/Container.php(815): Illuminate\\Container\\Container->build()
#6 /home/mike/Desktop/classifica-atp/vendor/laravel/framework/src/Illuminate/Foundation/Application.php(1046): Illuminate\\Container\\Container->resolve()
#7 /home/mike/Desktop/classifica-atp/vendor/laravel/framework/src/Illuminate/Container/Container.php(751): Illuminate\\Foundation\\Application->resolve()
#8 /home/mike/Desktop/classifica-atp/vendor/laravel/framework/src/Illuminate/Foundation/Application.php(1028): Illuminate\\Container\\Container->make()
#9 /home/mike/Desktop/classifica-atp/vendor/laravel/framework/src/Illuminate/Container/Container.php(1112): Illuminate\\Foundation\\Application->make()
#10 /home/mike/Desktop/classifica-atp/vendor/laravel/framework/src/Illuminate/Container/Container.php(1022): Illuminate\\Container\\Container->resolveClass()
#11 /home/mike/Desktop/classifica-atp/vendor/laravel/framework/src/Illuminate/Container/Container.php(973): Illuminate\\Container\\Container->resolveDependencies()
#12 /home/mike/Desktop/classifica-atp/vendor/laravel/framework/src/Illuminate/Container/Container.php(815): Illuminate\\Container\\Container->build()
#13 /home/mike/Desktop/classifica-atp/vendor/laravel/framework/src/Illuminate/Foundation/Application.php(1046): Illuminate\\Container\\Container->resolve()
#14 /home/mike/Desktop/classifica-atp/vendor/laravel/framework/src/Illuminate/Container/Container.php(751): Illuminate\\Foundation\\Application->resolve()
#15 /home/mike/Desktop/classifica-atp/vendor/laravel/framework/src/Illuminate/Foundation/Application.php(1028): Illuminate\\Container\\Container->make()
#16 /home/mike/Desktop/classifica-atp/vendor/laravel/framework/src/Illuminate/Pipeline/Pipeline.php(172): Illuminate\\Foundation\\Application->make()
#17 /home/mike/Desktop/classifica-atp/vendor/laravel/framework/src/Illuminate/Pipeline/Pipeline.php(119): Illuminate\\Pipeline\\Pipeline->Illuminate\\Pipeline\\{closure}()
#18 /home/mike/Desktop/classifica-atp/vendor/laravel/framework/src/Illuminate/Routing/Router.php(807): Illuminate\\Pipeline\\Pipeline->then()
#19 /home/mike/Desktop/classifica-atp/vendor/laravel/framework/src/Illuminate/Routing/Router.php(786): Illuminate\\Routing\\Router->runRouteWithinStack()
#20 /home/mike/Desktop/classifica-atp/vendor/laravel/framework/src/Illuminate/Routing/Router.php(750): Illuminate\\Routing\\Router->runRoute()
#21 /home/mike/Desktop/classifica-atp/vendor/laravel/framework/src/Illuminate/Routing/Router.php(739): Illuminate\\Routing\\Router->dispatchToRoute()
#22 /home/mike/Desktop/classifica-atp/vendor/laravel/framework/src/Illuminate/Foundation/Http/Kernel.php(201): Illuminate\\Routing\\Router->dispatch()
#23 /home/mike/Desktop/classifica-atp/vendor/laravel/framework/src/Illuminate/Pipeline/Pipeline.php(144): Illuminate\\Foundation\\Http\\Kernel->Illuminate\\Foundation\\Http\\{closure}()
#24 /home/mike/Desktop/classifica-atp/vendor/laravel/framework/src/Illuminate/Foundation/Http/Middleware/TransformsRequest.php(21): Illuminate\\Pipeline\\Pipeline->Illuminate\\Pipeline\\{closure}()
#25 /home/mike/Desktop/classifica-atp/vendor/laravel/framework/src/Illuminate/Foundation/Http/Middleware/ConvertEmptyStringsToNull.php(31): Illuminate\\Foundation\\Http\\Middleware\\TransformsRequest->handle()
#26 /home/mike/Desktop/classifica-atp/vendor/laravel/framework/src/Illuminate/Pipeline/Pipeline.php(183): Illuminate\\Foundation\\Http\\Middleware\\ConvertEmptyStringsToNull->handle()
#27 /home/mike/Desktop/classifica-atp/vendor/laravel/framework/src/Illuminate/Foundation/Http/Middleware/TransformsRequest.php(21): Illuminate\\Pipeline\\Pipeline->Illuminate\\Pipeline\\{closure}()
#28 /home/mike/Desktop/classifica-atp/vendor/laravel/framework/src/Illuminate/Foundation/Http/Middleware/TrimStrings.php(51): Illuminate\\Foundation\\Http\\Middleware\\TransformsRequest->handle()
#29 /home/mike/Desktop/classifica-atp/vendor/laravel/framework/src/Illuminate/Pipeline/Pipeline.php(183): Illuminate\\Foundation\\Http\\Middleware\\TrimStrings->handle()
#30 /home/mike/Desktop/classifica-atp/vendor/laravel/framework/src/Illuminate/Http/Middleware/ValidatePostSize.php(27): Illuminate\\Pipeline\\Pipeline->Illuminate\\Pipeline\\{closure}()
#31 /home/mike/Desktop/classifica-atp/vendor/laravel/framework/src/Illuminate/Pipeline/Pipeline.php(183): Illuminate\\Http\\Middleware\\ValidatePostSize->handle()
#32 /home/mike/Desktop/classifica-atp/vendor/laravel/framework/src/Illuminate/Foundation/Http/Middleware/PreventRequestsDuringMaintenance.php(110): Illuminate\\Pipeline\\Pipeline->Illuminate\\Pipeline\\{closure}()
#33 /home/mike/Desktop/classifica-atp/vendor/laravel/framework/src/Illuminate/Pipeline/Pipeline.php(183): Illuminate\\Foundation\\Http\\Middleware\\PreventRequestsDuringMaintenance->handle()
#34 /home/mike/Desktop/classifica-atp/vendor/laravel/framework/src/Illuminate/Http/Middleware/HandleCors.php(49): Illuminate\\Pipeline\\Pipeline->Illuminate\\Pipeline\\{closure}()
#35 /home/mike/Desktop/classifica-atp/vendor/laravel/framework/src/Illuminate/Pipeline/Pipeline.php(183): Illuminate\\Http\\Middleware\\HandleCors->handle()
#36 /home/mike/Desktop/classifica-atp/vendor/laravel/framework/src/Illuminate/Http/Middleware/TrustProxies.php(58): Illuminate\\Pipeline\\Pipeline->Illuminate\\Pipeline\\{closure}()
#37 /home/mike/Desktop/classifica-atp/vendor/laravel/framework/src/Illuminate/Pipeline/Pipeline.php(183): Illuminate\\Http\\Middleware\\TrustProxies->handle()
#38 /home/mike/Desktop/classifica-atp/vendor/laravel/framework/src/Illuminate/Foundation/Http/Middleware/InvokeDeferredCallbacks.php(22): Illuminate\\Pipeline\\Pipeline->Illuminate\\Pipeline\\{closure}()
#39 /home/mike/Desktop/classifica-atp/vendor/laravel/framework/src/Illuminate/Pipeline/Pipeline.php(183): Illuminate\\Foundation\\Http\\Middleware\\InvokeDeferredCallbacks->handle()
#40 /home/mike/Desktop/classifica-atp/vendor/laravel/framework/src/Illuminate/Pipeline/Pipeline.php(119): Illuminate\\Pipeline\\Pipeline->Illuminate\\Pipeline\\{closure}()
#41 /home/mike/Desktop/classifica-atp/vendor/laravel/framework/src/Illuminate/Foundation/Http/Kernel.php(176): Illuminate\\Pipeline\\Pipeline->then()
#42 /home/mike/Desktop/classifica-atp/vendor/laravel/framework/src/Illuminate/Foundation/Http/Kernel.php(145): Illuminate\\Foundation\\Http\\Kernel->sendRequestThroughRouter()
#43 /home/mike/Desktop/classifica-atp/vendor/laravel/framework/src/Illuminate/Foundation/Application.php(1188): Illuminate\\Foundation\\Http\\Kernel->handle()
#44 /home/mike/Desktop/classifica-atp/public/index.php(17): Illuminate\\Foundation\\Application->handleRequest()
#45 /home/mike/Desktop/classifica-atp/vendor/laravel/framework/src/Illuminate/Foundation/resources/server.php(23): require_once('...')
#46 {main}
"} 
[2024-10-23 11:01:47] production.ERROR: No application encryption key has been specified. {"exception":"[object] (Illuminate\\Encryption\\MissingAppKeyException(code: 0): No application encryption key has been specified. at /home/mike/Desktop/classifica-atp/vendor/laravel/framework/src/Illuminate/Encryption/EncryptionServiceProvider.php:83)
[stacktrace]
#0 /home/mike/Desktop/classifica-atp/vendor/laravel/framework/src/Illuminate/Support/helpers.php(380): Illuminate\\Encryption\\EncryptionServiceProvider->Illuminate\\Encryption\\{closure}()
#1 /home/mike/Desktop/classifica-atp/vendor/laravel/framework/src/Illuminate/Encryption/EncryptionServiceProvider.php(81): tap()
#2 /home/mike/Desktop/classifica-atp/vendor/laravel/framework/src/Illuminate/Encryption/EncryptionServiceProvider.php(64): Illuminate\\Encryption\\EncryptionServiceProvider->key()
#3 /home/mike/Desktop/classifica-atp/vendor/laravel/framework/src/Illuminate/Encryption/EncryptionServiceProvider.php(32): Illuminate\\Encryption\\EncryptionServiceProvider->parseKey()
#4 /home/mike/Desktop/classifica-atp/vendor/laravel/framework/src/Illuminate/Container/Container.php(931): Illuminate\\Encryption\\EncryptionServiceProvider->Illuminate\\Encryption\\{closure}()
#5 /home/mike/Desktop/classifica-atp/vendor/laravel/framework/src/Illuminate/Container/Container.php(815): Illuminate\\Container\\Container->build()
#6 /home/mike/Desktop/classifica-atp/vendor/laravel/framework/src/Illuminate/Foundation/Application.php(1046): Illuminate\\Container\\Container->resolve()
#7 /home/mike/Desktop/classifica-atp/vendor/laravel/framework/src/Illuminate/Container/Container.php(751): Illuminate\\Foundation\\Application->resolve()
#8 /home/mike/Desktop/classifica-atp/vendor/laravel/framework/src/Illuminate/Foundation/Application.php(1028): Illuminate\\Container\\Container->make()
#9 /home/mike/Desktop/classifica-atp/vendor/laravel/framework/src/Illuminate/Container/Container.php(1112): Illuminate\\Foundation\\Application->make()
#10 /home/mike/Desktop/classifica-atp/vendor/laravel/framework/src/Illuminate/Container/Container.php(1022): Illuminate\\Container\\Container->resolveClass()
#11 /home/mike/Desktop/classifica-atp/vendor/laravel/framework/src/Illuminate/Container/Container.php(973): Illuminate\\Container\\Container->resolveDependencies()
#12 /home/mike/Desktop/classifica-atp/vendor/laravel/framework/src/Illuminate/Container/Container.php(815): Illuminate\\Container\\Container->build()
#13 /home/mike/Desktop/classifica-atp/vendor/laravel/framework/src/Illuminate/Foundation/Application.php(1046): Illuminate\\Container\\Container->resolve()
#14 /home/mike/Desktop/classifica-atp/vendor/laravel/framework/src/Illuminate/Container/Container.php(751): Illuminate\\Foundation\\Application->resolve()
#15 /home/mike/Desktop/classifica-atp/vendor/laravel/framework/src/Illuminate/Foundation/Application.php(1028): Illuminate\\Container\\Container->make()
#16 /home/mike/Desktop/classifica-atp/vendor/laravel/framework/src/Illuminate/Foundation/Http/Kernel.php(258): Illuminate\\Foundation\\Application->make()
#17 /home/mike/Desktop/classifica-atp/vendor/laravel/framework/src/Illuminate/Foundation/Http/Kernel.php(216): Illuminate\\Foundation\\Http\\Kernel->terminateMiddleware()
#18 /home/mike/Desktop/classifica-atp/vendor/laravel/framework/src/Illuminate/Foundation/Application.php(1190): Illuminate\\Foundation\\Http\\Kernel->terminate()
#19 /home/mike/Desktop/classifica-atp/public/index.php(17): Illuminate\\Foundation\\Application->handleRequest()
#20 /home/mike/Desktop/classifica-atp/vendor/laravel/framework/src/Illuminate/Foundation/resources/server.php(23): require_once('...')
#21 {main}
"} 
[2024-10-23 11:01:54] production.ERROR: No application encryption key has been specified. {"exception":"[object] (Illuminate\\Encryption\\MissingAppKeyException(code: 0): No application encryption key has been specified. at /home/mike/Desktop/classifica-atp/vendor/laravel/framework/src/Illuminate/Encryption/EncryptionServiceProvider.php:83)
[stacktrace]
#0 /home/mike/Desktop/classifica-atp/vendor/laravel/framework/src/Illuminate/Support/helpers.php(380): Illuminate\\Encryption\\EncryptionServiceProvider->Illuminate\\Encryption\\{closure}()
#1 /home/mike/Desktop/classifica-atp/vendor/laravel/framework/src/Illuminate/Encryption/EncryptionServiceProvider.php(81): tap()
#2 /home/mike/Desktop/classifica-atp/vendor/laravel/framework/src/Illuminate/Encryption/EncryptionServiceProvider.php(64): Illuminate\\Encryption\\EncryptionServiceProvider->key()
#3 /home/mike/Desktop/classifica-atp/vendor/laravel/framework/src/Illuminate/Encryption/EncryptionServiceProvider.php(32): Illuminate\\Encryption\\EncryptionServiceProvider->parseKey()
#4 /home/mike/Desktop/classifica-atp/vendor/laravel/framework/src/Illuminate/Container/Container.php(931): Illuminate\\Encryption\\EncryptionServiceProvider->Illuminate\\Encryption\\{closure}()
#5 /home/mike/Desktop/classifica-atp/vendor/laravel/framework/src/Illuminate/Container/Container.php(815): Illuminate\\Container\\Container->build()
#6 /home/mike/Desktop/classifica-atp/vendor/laravel/framework/src/Illuminate/Foundation/Application.php(1046): Illuminate\\Container\\Container->resolve()
#7 /home/mike/Desktop/classifica-atp/vendor/laravel/framework/src/Illuminate/Container/Container.php(751): Illuminate\\Foundation\\Application->resolve()
#8 /home/mike/Desktop/classifica-atp/vendor/laravel/framework/src/Illuminate/Foundation/Application.php(1028): Illuminate\\Container\\Container->make()
#9 /home/mike/Desktop/classifica-atp/vendor/laravel/framework/src/Illuminate/Container/Container.php(1112): Illuminate\\Foundation\\Application->make()
#10 /home/mike/Desktop/classifica-atp/vendor/laravel/framework/src/Illuminate/Container/Container.php(1022): Illuminate\\Container\\Container->resolveClass()
#11 /home/mike/Desktop/classifica-atp/vendor/laravel/framework/src/Illuminate/Container/Container.php(973): Illuminate\\Container\\Container->resolveDependencies()
#12 /home/mike/Desktop/classifica-atp/vendor/laravel/framework/src/Illuminate/Container/Container.php(815): Illuminate\\Container\\Container->build()
#13 /home/mike/Desktop/classifica-atp/vendor/laravel/framework/src/Illuminate/Foundation/Application.php(1046): Illuminate\\Container\\Container->resolve()
#14 /home/mike/Desktop/classifica-atp/vendor/laravel/framework/src/Illuminate/Container/Container.php(751): Illuminate\\Foundation\\Application->resolve()
#15 /home/mike/Desktop/classifica-atp/vendor/laravel/framework/src/Illuminate/Foundation/Application.php(1028): Illuminate\\Container\\Container->make()
#16 /home/mike/Desktop/classifica-atp/vendor/laravel/framework/src/Illuminate/Pipeline/Pipeline.php(172): Illuminate\\Foundation\\Application->make()
#17 /home/mike/Desktop/classifica-atp/vendor/laravel/framework/src/Illuminate/Pipeline/Pipeline.php(119): Illuminate\\Pipeline\\Pipeline->Illuminate\\Pipeline\\{closure}()
#18 /home/mike/Desktop/classifica-atp/vendor/laravel/framework/src/Illuminate/Routing/Router.php(807): Illuminate\\Pipeline\\Pipeline->then()
#19 /home/mike/Desktop/classifica-atp/vendor/laravel/framework/src/Illuminate/Routing/Router.php(786): Illuminate\\Routing\\Router->runRouteWithinStack()
#20 /home/mike/Desktop/classifica-atp/vendor/laravel/framework/src/Illuminate/Routing/Router.php(750): Illuminate\\Routing\\Router->runRoute()
#21 /home/mike/Desktop/classifica-atp/vendor/laravel/framework/src/Illuminate/Routing/Router.php(739): Illuminate\\Routing\\Router->dispatchToRoute()
#22 /home/mike/Desktop/classifica-atp/vendor/laravel/framework/src/Illuminate/Foundation/Http/Kernel.php(201): Illuminate\\Routing\\Router->dispatch()
#23 /home/mike/Desktop/classifica-atp/vendor/laravel/framework/src/Illuminate/Pipeline/Pipeline.php(144): Illuminate\\Foundation\\Http\\Kernel->Illuminate\\Foundation\\Http\\{closure}()
#24 /home/mike/Desktop/classifica-atp/vendor/laravel/framework/src/Illuminate/Foundation/Http/Middleware/TransformsRequest.php(21): Illuminate\\Pipeline\\Pipeline->Illuminate\\Pipeline\\{closure}()
#25 /home/mike/Desktop/classifica-atp/vendor/laravel/framework/src/Illuminate/Foundation/Http/Middleware/ConvertEmptyStringsToNull.php(31): Illuminate\\Foundation\\Http\\Middleware\\TransformsRequest->handle()
#26 /home/mike/Desktop/classifica-atp/vendor/laravel/framework/src/Illuminate/Pipeline/Pipeline.php(183): Illuminate\\Foundation\\Http\\Middleware\\ConvertEmptyStringsToNull->handle()
#27 /home/mike/Desktop/classifica-atp/vendor/laravel/framework/src/Illuminate/Foundation/Http/Middleware/TransformsRequest.php(21): Illuminate\\Pipeline\\Pipeline->Illuminate\\Pipeline\\{closure}()
#28 /home/mike/Desktop/classifica-atp/vendor/laravel/framework/src/Illuminate/Foundation/Http/Middleware/TrimStrings.php(51): Illuminate\\Foundation\\Http\\Middleware\\TransformsRequest->handle()
#29 /home/mike/Desktop/classifica-atp/vendor/laravel/framework/src/Illuminate/Pipeline/Pipeline.php(183): Illuminate\\Foundation\\Http\\Middleware\\TrimStrings->handle()
#30 /home/mike/Desktop/classifica-atp/vendor/laravel/framework/src/Illuminate/Http/Middleware/ValidatePostSize.php(27): Illuminate\\Pipeline\\Pipeline->Illuminate\\Pipeline\\{closure}()
#31 /home/mike/Desktop/classifica-atp/vendor/laravel/framework/src/Illuminate/Pipeline/Pipeline.php(183): Illuminate\\Http\\Middleware\\ValidatePostSize->handle()
#32 /home/mike/Desktop/classifica-atp/vendor/laravel/framework/src/Illuminate/Foundation/Http/Middleware/PreventRequestsDuringMaintenance.php(110): Illuminate\\Pipeline\\Pipeline->Illuminate\\Pipeline\\{closure}()
#33 /home/mike/Desktop/classifica-atp/vendor/laravel/framework/src/Illuminate/Pipeline/Pipeline.php(183): Illuminate\\Foundation\\Http\\Middleware\\PreventRequestsDuringMaintenance->handle()
#34 /home/mike/Desktop/classifica-atp/vendor/laravel/framework/src/Illuminate/Http/Middleware/HandleCors.php(49): Illuminate\\Pipeline\\Pipeline->Illuminate\\Pipeline\\{closure}()
#35 /home/mike/Desktop/classifica-atp/vendor/laravel/framework/src/Illuminate/Pipeline/Pipeline.php(183): Illuminate\\Http\\Middleware\\HandleCors->handle()
#36 /home/mike/Desktop/classifica-atp/vendor/laravel/framework/src/Illuminate/Http/Middleware/TrustProxies.php(58): Illuminate\\Pipeline\\Pipeline->Illuminate\\Pipeline\\{closure}()
#37 /home/mike/Desktop/classifica-atp/vendor/laravel/framework/src/Illuminate/Pipeline/Pipeline.php(183): Illuminate\\Http\\Middleware\\TrustProxies->handle()
#38 /home/mike/Desktop/classifica-atp/vendor/laravel/framework/src/Illuminate/Foundation/Http/Middleware/InvokeDeferredCallbacks.php(22): Illuminate\\Pipeline\\Pipeline->Illuminate\\Pipeline\\{closure}()
#39 /home/mike/Desktop/classifica-atp/vendor/laravel/framework/src/Illuminate/Pipeline/Pipeline.php(183): Illuminate\\Foundation\\Http\\Middleware\\InvokeDeferredCallbacks->handle()
#40 /home/mike/Desktop/classifica-atp/vendor/laravel/framework/src/Illuminate/Pipeline/Pipeline.php(119): Illuminate\\Pipeline\\Pipeline->Illuminate\\Pipeline\\{closure}()
#41 /home/mike/Desktop/classifica-atp/vendor/laravel/framework/src/Illuminate/Foundation/Http/Kernel.php(176): Illuminate\\Pipeline\\Pipeline->then()
#42 /home/mike/Desktop/classifica-atp/vendor/laravel/framework/src/Illuminate/Foundation/Http/Kernel.php(145): Illuminate\\Foundation\\Http\\Kernel->sendRequestThroughRouter()
#43 /home/mike/Desktop/classifica-atp/vendor/laravel/framework/src/Illuminate/Foundation/Application.php(1188): Illuminate\\Foundation\\Http\\Kernel->handle()
#44 /home/mike/Desktop/classifica-atp/public/index.php(17): Illuminate\\Foundation\\Application->handleRequest()
#45 /home/mike/Desktop/classifica-atp/vendor/laravel/framework/src/Illuminate/Foundation/resources/server.php(23): require_once('...')
#46 {main}
"} 
[2024-10-23 11:01:54] production.ERROR: No application encryption key has been specified. {"exception":"[object] (Illuminate\\Encryption\\MissingAppKeyException(code: 0): No application encryption key has been specified. at /home/mike/Desktop/classifica-atp/vendor/laravel/framework/src/Illuminate/Encryption/EncryptionServiceProvider.php:83)
[stacktrace]
#0 /home/mike/Desktop/classifica-atp/vendor/laravel/framework/src/Illuminate/Support/helpers.php(380): Illuminate\\Encryption\\EncryptionServiceProvider->Illuminate\\Encryption\\{closure}()
#1 /home/mike/Desktop/classifica-atp/vendor/laravel/framework/src/Illuminate/Encryption/EncryptionServiceProvider.php(81): tap()
#2 /home/mike/Desktop/classifica-atp/vendor/laravel/framework/src/Illuminate/Encryption/EncryptionServiceProvider.php(64): Illuminate\\Encryption\\EncryptionServiceProvider->key()
#3 /home/mike/Desktop/classifica-atp/vendor/laravel/framework/src/Illuminate/Encryption/EncryptionServiceProvider.php(32): Illuminate\\Encryption\\EncryptionServiceProvider->parseKey()
#4 /home/mike/Desktop/classifica-atp/vendor/laravel/framework/src/Illuminate/Container/Container.php(931): Illuminate\\Encryption\\EncryptionServiceProvider->Illuminate\\Encryption\\{closure}()
#5 /home/mike/Desktop/classifica-atp/vendor/laravel/framework/src/Illuminate/Container/Container.php(815): Illuminate\\Container\\Container->build()
#6 /home/mike/Desktop/classifica-atp/vendor/laravel/framework/src/Illuminate/Foundation/Application.php(1046): Illuminate\\Container\\Container->resolve()
#7 /home/mike/Desktop/classifica-atp/vendor/laravel/framework/src/Illuminate/Container/Container.php(751): Illuminate\\Foundation\\Application->resolve()
#8 /home/mike/Desktop/classifica-atp/vendor/laravel/framework/src/Illuminate/Foundation/Application.php(1028): Illuminate\\Container\\Container->make()
#9 /home/mike/Desktop/classifica-atp/vendor/laravel/framework/src/Illuminate/Container/Container.php(1112): Illuminate\\Foundation\\Application->make()
#10 /home/mike/Desktop/classifica-atp/vendor/laravel/framework/src/Illuminate/Container/Container.php(1022): Illuminate\\Container\\Container->resolveClass()
#11 /home/mike/Desktop/classifica-atp/vendor/laravel/framework/src/Illuminate/Container/Container.php(973): Illuminate\\Container\\Container->resolveDependencies()
#12 /home/mike/Desktop/classifica-atp/vendor/laravel/framework/src/Illuminate/Container/Container.php(815): Illuminate\\Container\\Container->build()
#13 /home/mike/Desktop/classifica-atp/vendor/laravel/framework/src/Illuminate/Foundation/Application.php(1046): Illuminate\\Container\\Container->resolve()
#14 /home/mike/Desktop/classifica-atp/vendor/laravel/framework/src/Illuminate/Container/Container.php(751): Illuminate\\Foundation\\Application->resolve()
#15 /home/mike/Desktop/classifica-atp/vendor/laravel/framework/src/Illuminate/Foundation/Application.php(1028): Illuminate\\Container\\Container->make()
#16 /home/mike/Desktop/classifica-atp/vendor/laravel/framework/src/Illuminate/Foundation/Http/Kernel.php(258): Illuminate\\Foundation\\Application->make()
#17 /home/mike/Desktop/classifica-atp/vendor/laravel/framework/src/Illuminate/Foundation/Http/Kernel.php(216): Illuminate\\Foundation\\Http\\Kernel->terminateMiddleware()
#18 /home/mike/Desktop/classifica-atp/vendor/laravel/framework/src/Illuminate/Foundation/Application.php(1190): Illuminate\\Foundation\\Http\\Kernel->terminate()
#19 /home/mike/Desktop/classifica-atp/public/index.php(17): Illuminate\\Foundation\\Application->handleRequest()
#20 /home/mike/Desktop/classifica-atp/vendor/laravel/framework/src/Illuminate/Foundation/resources/server.php(23): require_once('...')
#21 {main}
"} 
[2024-10-23 11:01:56] production.ERROR: No application encryption key has been specified. {"exception":"[object] (Illuminate\\Encryption\\MissingAppKeyException(code: 0): No application encryption key has been specified. at /home/mike/Desktop/classifica-atp/vendor/laravel/framework/src/Illuminate/Encryption/EncryptionServiceProvider.php:83)
[stacktrace]
#0 /home/mike/Desktop/classifica-atp/vendor/laravel/framework/src/Illuminate/Support/helpers.php(380): Illuminate\\Encryption\\EncryptionServiceProvider->Illuminate\\Encryption\\{closure}()
#1 /home/mike/Desktop/classifica-atp/vendor/laravel/framework/src/Illuminate/Encryption/EncryptionServiceProvider.php(81): tap()
#2 /home/mike/Desktop/classifica-atp/vendor/laravel/framework/src/Illuminate/Encryption/EncryptionServiceProvider.php(64): Illuminate\\Encryption\\EncryptionServiceProvider->key()
#3 /home/mike/Desktop/classifica-atp/vendor/laravel/framework/src/Illuminate/Encryption/EncryptionServiceProvider.php(32): Illuminate\\Encryption\\EncryptionServiceProvider->parseKey()
#4 /home/mike/Desktop/classifica-atp/vendor/laravel/framework/src/Illuminate/Container/Container.php(931): Illuminate\\Encryption\\EncryptionServiceProvider->Illuminate\\Encryption\\{closure}()
#5 /home/mike/Desktop/classifica-atp/vendor/laravel/framework/src/Illuminate/Container/Container.php(815): Illuminate\\Container\\Container->build()
#6 /home/mike/Desktop/classifica-atp/vendor/laravel/framework/src/Illuminate/Foundation/Application.php(1046): Illuminate\\Container\\Container->resolve()
#7 /home/mike/Desktop/classifica-atp/vendor/laravel/framework/src/Illuminate/Container/Container.php(751): Illuminate\\Foundation\\Application->resolve()
#8 /home/mike/Desktop/classifica-atp/vendor/laravel/framework/src/Illuminate/Foundation/Application.php(1028): Illuminate\\Container\\Container->make()
#9 /home/mike/Desktop/classifica-atp/vendor/laravel/framework/src/Illuminate/Container/Container.php(1112): Illuminate\\Foundation\\Application->make()
#10 /home/mike/Desktop/classifica-atp/vendor/laravel/framework/src/Illuminate/Container/Container.php(1022): Illuminate\\Container\\Container->resolveClass()
#11 /home/mike/Desktop/classifica-atp/vendor/laravel/framework/src/Illuminate/Container/Container.php(973): Illuminate\\Container\\Container->resolveDependencies()
#12 /home/mike/Desktop/classifica-atp/vendor/laravel/framework/src/Illuminate/Container/Container.php(815): Illuminate\\Container\\Container->build()
#13 /home/mike/Desktop/classifica-atp/vendor/laravel/framework/src/Illuminate/Foundation/Application.php(1046): Illuminate\\Container\\Container->resolve()
#14 /home/mike/Desktop/classifica-atp/vendor/laravel/framework/src/Illuminate/Container/Container.php(751): Illuminate\\Foundation\\Application->resolve()
#15 /home/mike/Desktop/classifica-atp/vendor/laravel/framework/src/Illuminate/Foundation/Application.php(1028): Illuminate\\Container\\Container->make()
#16 /home/mike/Desktop/classifica-atp/vendor/laravel/framework/src/Illuminate/Pipeline/Pipeline.php(172): Illuminate\\Foundation\\Application->make()
#17 /home/mike/Desktop/classifica-atp/vendor/laravel/framework/src/Illuminate/Pipeline/Pipeline.php(119): Illuminate\\Pipeline\\Pipeline->Illuminate\\Pipeline\\{closure}()
#18 /home/mike/Desktop/classifica-atp/vendor/laravel/framework/src/Illuminate/Routing/Router.php(807): Illuminate\\Pipeline\\Pipeline->then()
#19 /home/mike/Desktop/classifica-atp/vendor/laravel/framework/src/Illuminate/Routing/Router.php(786): Illuminate\\Routing\\Router->runRouteWithinStack()
#20 /home/mike/Desktop/classifica-atp/vendor/laravel/framework/src/Illuminate/Routing/Router.php(750): Illuminate\\Routing\\Router->runRoute()
#21 /home/mike/Desktop/classifica-atp/vendor/laravel/framework/src/Illuminate/Routing/Router.php(739): Illuminate\\Routing\\Router->dispatchToRoute()
#22 /home/mike/Desktop/classifica-atp/vendor/laravel/framework/src/Illuminate/Foundation/Http/Kernel.php(201): Illuminate\\Routing\\Router->dispatch()
#23 /home/mike/Desktop/classifica-atp/vendor/laravel/framework/src/Illuminate/Pipeline/Pipeline.php(144): Illuminate\\Foundation\\Http\\Kernel->Illuminate\\Foundation\\Http\\{closure}()
#24 /home/mike/Desktop/classifica-atp/vendor/laravel/framework/src/Illuminate/Foundation/Http/Middleware/TransformsRequest.php(21): Illuminate\\Pipeline\\Pipeline->Illuminate\\Pipeline\\{closure}()
#25 /home/mike/Desktop/classifica-atp/vendor/laravel/framework/src/Illuminate/Foundation/Http/Middleware/ConvertEmptyStringsToNull.php(31): Illuminate\\Foundation\\Http\\Middleware\\TransformsRequest->handle()
#26 /home/mike/Desktop/classifica-atp/vendor/laravel/framework/src/Illuminate/Pipeline/Pipeline.php(183): Illuminate\\Foundation\\Http\\Middleware\\ConvertEmptyStringsToNull->handle()
#27 /home/mike/Desktop/classifica-atp/vendor/laravel/framework/src/Illuminate/Foundation/Http/Middleware/TransformsRequest.php(21): Illuminate\\Pipeline\\Pipeline->Illuminate\\Pipeline\\{closure}()
#28 /home/mike/Desktop/classifica-atp/vendor/laravel/framework/src/Illuminate/Foundation/Http/Middleware/TrimStrings.php(51): Illuminate\\Foundation\\Http\\Middleware\\TransformsRequest->handle()
#29 /home/mike/Desktop/classifica-atp/vendor/laravel/framework/src/Illuminate/Pipeline/Pipeline.php(183): Illuminate\\Foundation\\Http\\Middleware\\TrimStrings->handle()
#30 /home/mike/Desktop/classifica-atp/vendor/laravel/framework/src/Illuminate/Http/Middleware/ValidatePostSize.php(27): Illuminate\\Pipeline\\Pipeline->Illuminate\\Pipeline\\{closure}()
#31 /home/mike/Desktop/classifica-atp/vendor/laravel/framework/src/Illuminate/Pipeline/Pipeline.php(183): Illuminate\\Http\\Middleware\\ValidatePostSize->handle()
#32 /home/mike/Desktop/classifica-atp/vendor/laravel/framework/src/Illuminate/Foundation/Http/Middleware/PreventRequestsDuringMaintenance.php(110): Illuminate\\Pipeline\\Pipeline->Illuminate\\Pipeline\\{closure}()
#33 /home/mike/Desktop/classifica-atp/vendor/laravel/framework/src/Illuminate/Pipeline/Pipeline.php(183): Illuminate\\Foundation\\Http\\Middleware\\PreventRequestsDuringMaintenance->handle()
#34 /home/mike/Desktop/classifica-atp/vendor/laravel/framework/src/Illuminate/Http/Middleware/HandleCors.php(49): Illuminate\\Pipeline\\Pipeline->Illuminate\\Pipeline\\{closure}()
#35 /home/mike/Desktop/classifica-atp/vendor/laravel/framework/src/Illuminate/Pipeline/Pipeline.php(183): Illuminate\\Http\\Middleware\\HandleCors->handle()
#36 /home/mike/Desktop/classifica-atp/vendor/laravel/framework/src/Illuminate/Http/Middleware/TrustProxies.php(58): Illuminate\\Pipeline\\Pipeline->Illuminate\\Pipeline\\{closure}()
#37 /home/mike/Desktop/classifica-atp/vendor/laravel/framework/src/Illuminate/Pipeline/Pipeline.php(183): Illuminate\\Http\\Middleware\\TrustProxies->handle()
#38 /home/mike/Desktop/classifica-atp/vendor/laravel/framework/src/Illuminate/Foundation/Http/Middleware/InvokeDeferredCallbacks.php(22): Illuminate\\Pipeline\\Pipeline->Illuminate\\Pipeline\\{closure}()
#39 /home/mike/Desktop/classifica-atp/vendor/laravel/framework/src/Illuminate/Pipeline/Pipeline.php(183): Illuminate\\Foundation\\Http\\Middleware\\InvokeDeferredCallbacks->handle()
#40 /home/mike/Desktop/classifica-atp/vendor/laravel/framework/src/Illuminate/Pipeline/Pipeline.php(119): Illuminate\\Pipeline\\Pipeline->Illuminate\\Pipeline\\{closure}()
#41 /home/mike/Desktop/classifica-atp/vendor/laravel/framework/src/Illuminate/Foundation/Http/Kernel.php(176): Illuminate\\Pipeline\\Pipeline->then()
#42 /home/mike/Desktop/classifica-atp/vendor/laravel/framework/src/Illuminate/Foundation/Http/Kernel.php(145): Illuminate\\Foundation\\Http\\Kernel->sendRequestThroughRouter()
#43 /home/mike/Desktop/classifica-atp/vendor/laravel/framework/src/Illuminate/Foundation/Application.php(1188): Illuminate\\Foundation\\Http\\Kernel->handle()
#44 /home/mike/Desktop/classifica-atp/public/index.php(17): Illuminate\\Foundation\\Application->handleRequest()
#45 /home/mike/Desktop/classifica-atp/vendor/laravel/framework/src/Illuminate/Foundation/resources/server.php(23): require_once('...')
#46 {main}
"} 
[2024-10-23 11:01:56] production.ERROR: No application encryption key has been specified. {"exception":"[object] (Illuminate\\Encryption\\MissingAppKeyException(code: 0): No application encryption key has been specified. at /home/mike/Desktop/classifica-atp/vendor/laravel/framework/src/Illuminate/Encryption/EncryptionServiceProvider.php:83)
[stacktrace]
#0 /home/mike/Desktop/classifica-atp/vendor/laravel/framework/src/Illuminate/Support/helpers.php(380): Illuminate\\Encryption\\EncryptionServiceProvider->Illuminate\\Encryption\\{closure}()
#1 /home/mike/Desktop/classifica-atp/vendor/laravel/framework/src/Illuminate/Encryption/EncryptionServiceProvider.php(81): tap()
#2 /home/mike/Desktop/classifica-atp/vendor/laravel/framework/src/Illuminate/Encryption/EncryptionServiceProvider.php(64): Illuminate\\Encryption\\EncryptionServiceProvider->key()
#3 /home/mike/Desktop/classifica-atp/vendor/laravel/framework/src/Illuminate/Encryption/EncryptionServiceProvider.php(32): Illuminate\\Encryption\\EncryptionServiceProvider->parseKey()
#4 /home/mike/Desktop/classifica-atp/vendor/laravel/framework/src/Illuminate/Container/Container.php(931): Illuminate\\Encryption\\EncryptionServiceProvider->Illuminate\\Encryption\\{closure}()
#5 /home/mike/Desktop/classifica-atp/vendor/laravel/framework/src/Illuminate/Container/Container.php(815): Illuminate\\Container\\Container->build()
#6 /home/mike/Desktop/classifica-atp/vendor/laravel/framework/src/Illuminate/Foundation/Application.php(1046): Illuminate\\Container\\Container->resolve()
#7 /home/mike/Desktop/classifica-atp/vendor/laravel/framework/src/Illuminate/Container/Container.php(751): Illuminate\\Foundation\\Application->resolve()
#8 /home/mike/Desktop/classifica-atp/vendor/laravel/framework/src/Illuminate/Foundation/Application.php(1028): Illuminate\\Container\\Container->make()
#9 /home/mike/Desktop/classifica-atp/vendor/laravel/framework/src/Illuminate/Container/Container.php(1112): Illuminate\\Foundation\\Application->make()
#10 /home/mike/Desktop/classifica-atp/vendor/laravel/framework/src/Illuminate/Container/Container.php(1022): Illuminate\\Container\\Container->resolveClass()
#11 /home/mike/Desktop/classifica-atp/vendor/laravel/framework/src/Illuminate/Container/Container.php(973): Illuminate\\Container\\Container->resolveDependencies()
#12 /home/mike/Desktop/classifica-atp/vendor/laravel/framework/src/Illuminate/Container/Container.php(815): Illuminate\\Container\\Container->build()
#13 /home/mike/Desktop/classifica-atp/vendor/laravel/framework/src/Illuminate/Foundation/Application.php(1046): Illuminate\\Container\\Container->resolve()
#14 /home/mike/Desktop/classifica-atp/vendor/laravel/framework/src/Illuminate/Container/Container.php(751): Illuminate\\Foundation\\Application->resolve()
#15 /home/mike/Desktop/classifica-atp/vendor/laravel/framework/src/Illuminate/Foundation/Application.php(1028): Illuminate\\Container\\Container->make()
#16 /home/mike/Desktop/classifica-atp/vendor/laravel/framework/src/Illuminate/Foundation/Http/Kernel.php(258): Illuminate\\Foundation\\Application->make()
#17 /home/mike/Desktop/classifica-atp/vendor/laravel/framework/src/Illuminate/Foundation/Http/Kernel.php(216): Illuminate\\Foundation\\Http\\Kernel->terminateMiddleware()
#18 /home/mike/Desktop/classifica-atp/vendor/laravel/framework/src/Illuminate/Foundation/Application.php(1190): Illuminate\\Foundation\\Http\\Kernel->terminate()
#19 /home/mike/Desktop/classifica-atp/public/index.php(17): Illuminate\\Foundation\\Application->handleRequest()
#20 /home/mike/Desktop/classifica-atp/vendor/laravel/framework/src/Illuminate/Foundation/resources/server.php(23): require_once('...')
#21 {main}
"} 
